<?xml version="1.0" encoding="UTF-8"?>
<!-- Generated by org.testng.reporters.JUnitReportReporter -->
<testsuite hostname="DESKTOP-EU5VLQQ" failures="0" tests="1" name="test.Types_ofWork" time="26.713" errors="0" timestamp="27 Mar 2021 10:50:53 GMT" skipped="0">
  <testcase classname="test.Types_ofWork" name="setting" time="26.713"/>
</testsuite> <!-- test.Types_ofWork -->
