<?xml version="1.0" encoding="UTF-8"?>
<!-- Generated by org.testng.reporters.JUnitReportReporter -->
<testsuite hostname="DESKTOP-EU5VLQQ" failures="0" tests="1" name="test.ActiLogPage" time="12.412" errors="0" timestamp="27 Mar 2021 10:50:53 GMT" skipped="0">
  <testcase classname="test.ActiLogPage" name="setting" time="12.412"/>
</testsuite> <!-- test.ActiLogPage -->
